#
# A fatal error has been detected by the Java Runtime Environment:
#
#  EXCEPTION_ACCESS_VIOLATION (0xc0000005) at pc=0x00007ffc2ad1075c, pid=20988, tid=19492
#
# JRE version: OpenJDK Runtime Environment (16.0.2+7) (build 16.0.2+7-67)
# Java VM: OpenJDK 64-Bit Server VM (16.0.2+7-67, mixed mode, sharing, tiered, compressed oops, compressed class ptrs, g1 gc, windows-amd64)
# Problematic frame:
# V  [jvm.dll+0x67075c]
#
# No core dump will be written. Minidumps are not enabled by default on client versions of Windows
#
# If you would like to submit a bug report, please visit:
#   https://bugreport.java.com/bugreport/crash.jsp
#

---------------  S U M M A R Y ------------

Command Line: -Dorg.gradle.internal.worker.tmpdir=D:\projects\graphql\build\tmp\test\work -Dorg.gradle.native=false --add-opens=java.base/java.util=ALL-UNNAMED --add-opens=java.base/java.lang=ALL-UNNAMED -Xmx512m -Dfile.encoding=windows-1251 -Duser.country=US -Duser.language=en -Duser.variant -ea worker.org.gradle.process.internal.worker.GradleWorkerMain 'Gradle Test Executor 4'

Host: Intel(R) Core(TM) i7-8665U CPU @ 1.90GHz, 8 cores, 31G,  Windows 10 , 64 bit Build 18362 (10.0.18362.1082)
Time: Thu Nov 11 09:18:09 2021 Belarus Standard Time elapsed time: 3.307726 seconds (0d 0h 0m 3s)

---------------  T H R E A D  ---------------

Current thread (0x0000019be9562280):  JavaThread "C2 CompilerThread0" daemon [_thread_in_native, id=19492, stack(0x00000055c6f00000,0x00000055c7000000)]


Current CompileTask:
C2:   3307 3909       4       org.springframework.core.ResolvableType::as (86 bytes)

Stack: [0x00000055c6f00000,0x00000055c7000000],  sp=0x00000055c6ffbb20,  free space=1006k
Native frames: (J=compiled Java code, j=interpreted, Vv=VM code, C=native code)
V  [jvm.dll+0x67075c]
V  [jvm.dll+0x66d483]
V  [jvm.dll+0x21614d]
V  [jvm.dll+0x215100]
V  [jvm.dll+0x1a1beb]
V  [jvm.dll+0x225158]
V  [jvm.dll+0x22319c]
V  [jvm.dll+0x77fa62]
V  [jvm.dll+0x7795aa]
V  [jvm.dll+0x667066]
C  [ucrtbase.dll+0x20e82]
C  [KERNEL32.DLL+0x17bd4]
C  [ntdll.dll+0x6ce51]


siginfo: EXCEPTION_ACCESS_VIOLATION (0xc0000005), reading address 0x000001bbee9380bc


Register to memory mapping:

RIP=0x00007ffc2ad1075c jvm.dll
RAX=0x0000019bef07b910 points into unknown readable memory: 0x000001bbee938090 | 90 80 93 ee bb 01 00 00
RBX=0x000001bbee938090 is an unknown value
RCX=0x0000019beae9c50c points into unknown readable memory: 00 00 00 00
RDX=0x0000019beae9a2e0 points into unknown readable memory: 0x0000000000000000 | 00 00 00 00 00 00 00 00
RSP=0x00000055c6ffbb20 is pointing into the stack for thread: 0x0000019be9562280
RBP=0x0000019bee938100 points into unknown readable memory: 0x00007ffc2af4b930 | 30 b9 f4 2a fc 7f 00 00
RSI=0x0 is NULL
RDI=0x0 is NULL
R8 =0x0000000000000c00 is an unknown value
R9 =0x0000000000000bf8 is an unknown value
R10=0xffffffffffffdde0 is an unknown value
R11=0x00000000038d0450 is an unknown value
R12=0x000000000000376b is an unknown value
R13=0x00000055c6ffcf00 is pointing into the stack for thread: 0x0000019be9562280
R14=0x0000019beae9a2dc points into unknown readable memory: 12 3a 00 00
R15=0x00000000ffffffff is an unallocated location in the heap


Registers:
RAX=0x0000019bef07b910, RBX=0x000001bbee938090, RCX=0x0000019beae9c50c, RDX=0x0000019beae9a2e0
RSP=0x00000055c6ffbb20, RBP=0x0000019bee938100, RSI=0x0000000000000000, RDI=0x0000000000000000
R8 =0x0000000000000c00, R9 =0x0000000000000bf8, R10=0xffffffffffffdde0, R11=0x00000000038d0450
R12=0x000000000000376b, R13=0x00000055c6ffcf00, R14=0x0000019beae9a2dc, R15=0x00000000ffffffff
RIP=0x00007ffc2ad1075c, EFLAGS=0x0000000000010293

Top of Stack: (sp=0x00000055c6ffbb20)
0x00000055c6ffbb20:   0000019beefd6f60 0000000000000888
0x00000055c6ffbb30:   0000019bf1ab6090 000000000000000a
0x00000055c6ffbb40:   000000040000017f 00000000000002a8
0x00000055c6ffbb50:   0000000000000c00 0000000000000bf8
0x00000055c6ffbb60:   00000888ffffffff 00000070000001b3
0x00000055c6ffbb70:   0000019beae9a2e0 0000019bee76eb7c
0x00000055c6ffbb80:   0000000000004450 0000019beae9c50c
0x00000055c6ffbb90:   ffffffffffffdde0 00000000038d0450
0x00000055c6ffbba0:   0000019beae9e130 0000019bee76e580
0x00000055c6ffbbb0:   0000019bee7707a0 0000019beae9bf10
0x00000055c6ffbbc0:   00000000038d6ac0 0000000000002220
0x00000055c6ffbbd0:   0000019be9538e00 00007ffc2af6f6f4
0x00000055c6ffbbe0:   0000000000000010 0000000000000000
0x00000055c6ffbbf0:   0000000000000000 0000019beae99ce0
0x00000055c6ffbc00:   0000019be954f9c0 00000055c6ffcf00
0x00000055c6ffbc10:   00000055c6ffbfb0 00007ffc2ad0d483 

Instructions: (pc=0x00007ffc2ad1075c)
0x00007ffc2ad1065c:   48 8b 92 30 08 00 00 ff 90 a0 00 00 00 33 db 89
0x00007ffc2ad1066c:   84 24 18 01 00 00 89 5c 24 20 85 f6 0f 84 ee 02
0x00007ffc2ad1067c:   00 00 48 8b 8c 24 08 01 00 00 45 33 c9 48 8b 84
0x00007ffc2ad1068c:   24 90 00 00 00 41 b8 08 00 00 00 4c 8b 94 24 98
0x00007ffc2ad1069c:   00 00 00 48 2b c1 4c 8b 9c 24 88 00 00 00 4c 8b
0x00007ffc2ad106ac:   f1 48 89 84 24 a0 00 00 00 48 8d 51 04 48 8b 84
0x00007ffc2ad106bc:   24 80 00 00 00 4c 2b d0 4c 89 4c 24 38 4c 2b d8
0x00007ffc2ad106cc:   4c 89 44 24 30 48 8b f8 48 89 54 24 50 48 2b f9
0x00007ffc2ad106dc:   4c 89 54 24 70 48 89 7c 24 60 4c 89 5c 24 78 0f
0x00007ffc2ad106ec:   1f 44 00 00 49 8b 45 08 33 f6 48 8b 88 18 08 00
0x00007ffc2ad106fc:   00 48 8b 41 30 49 8b 2c 01 4a 8d 04 37 4a 8d 0c
0x00007ffc2ad1070c:   10 49 89 ad 88 02 00 00 c7 01 00 00 00 00 33 ff
0x00007ffc2ad1071c:   c7 00 00 00 00 00 49 03 c3 48 89 44 24 58 48 89
0x00007ffc2ad1072c:   4c 24 68 c7 00 ff ff ff ff 8b 45 28 89 44 24 24
0x00007ffc2ad1073c:   85 c0 0f 84 72 01 00 00 41 89 b5 90 02 00 00 3b
0x00007ffc2ad1074c:   75 18 73 0a 48 8b 45 20 48 8b 1c f0 eb 02 33 db
0x00007ffc2ad1075c:   8b 43 2c 24 03 3c 02 0f 85 e6 00 00 00 48 8b 03
0x00007ffc2ad1076c:   48 8b cb ff 90 10 01 00 00 ff c8 48 8b cb 03 f8
0x00007ffc2ad1077c:   48 8b 03 ff 90 20 01 00 00 01 44 24 28 8b 53 2c
0x00007ffc2ad1078c:   8b c2 83 e0 1f 3c 1e 0f 85 fa 04 00 00 48 8b 03
0x00007ffc2ad1079c:   48 8b cb 48 8b 93 80 00 00 00 ff 90 58 01 00 00
0x00007ffc2ad107ac:   8b 4b 2c 8b c1 83 e0 3f 3c 3e 75 1f 48 83 bb 90
0x00007ffc2ad107bc:   00 00 00 00 74 15 e8 69 cf 9f ff 01 44 24 48 e8
0x00007ffc2ad107cc:   10 5e 9f ff 01 44 24 28 8b 4b 2c 44 8b 84 24 18
0x00007ffc2ad107dc:   01 00 00 8b 53 30 8b c2 c1 e8 08 a8 01 74 08 45
0x00007ffc2ad107ec:   3b 3e 72 03 41 03 f8 c1 ea 07 f6 c2 01 74 54 83
0x00007ffc2ad107fc:   e1 0f 80 f9 0a 74 16 ba 5a 02 00 00 48 8d 0d d1
0x00007ffc2ad1080c:   7b 2c 00 e8 fc 22 bd ff e8 27 75 ff ff 48 8b 44
0x00007ffc2ad1081c:   24 68 48 8b cb 89 38 49 8b 55 08 48 8b 03 48 8b
0x00007ffc2ad1082c:   92 30 08 00 00 ff 90 a0 00 00 00 48 8b 4c 24 60
0x00007ffc2ad1083c:   c6 84 24 10 01 00 00 01 42 89 04 31 48 8b 44 24
0x00007ffc2ad1084c:   58 89 30 49 8b 55 08 48 8b cb 48 8b 03 48 8b 92 


Stack slot to memory mapping:
stack at sp + 0 slots: 0x0000019beefd6f60 points into unknown readable memory: 0x00007ffc2af410e0 | e0 10 f4 2a fc 7f 00 00
stack at sp + 1 slots: 0x0000000000000888 is an unknown value
stack at sp + 2 slots: 0x0000019bf1ab6090 points into unknown readable memory: 0x00007ffc2af13ea0 | a0 3e f1 2a fc 7f 00 00
stack at sp + 3 slots: 0x000000000000000a is an unknown value
stack at sp + 4 slots: 0x000000040000017f is an unknown value
stack at sp + 5 slots: 0x00000000000002a8 is an unknown value
stack at sp + 6 slots: 0x0000000000000c00 is an unknown value
stack at sp + 7 slots: 0x0000000000000bf8 is an unknown value


---------------  P R O C E S S  ---------------

Threads class SMR info:
_java_thread_list=0x0000019bef9781f0, length=18, elements={
0x0000019bced6fe30, 0x0000019be95467a0, 0x0000019be9549580, 0x0000019be955c610,
0x0000019be955cf20, 0x0000019be955d830, 0x0000019be955e140, 0x0000019be9562280,
0x0000019be956dc00, 0x0000019be9570560, 0x0000019be974dfe0, 0x0000019be974f330,
0x0000019bea63d8d0, 0x0000019bea88c2b0, 0x0000019beabaaf20, 0x0000019beabc0aa0,
0x0000019beabed230, 0x0000019becb05570
}

Java Threads: ( => current thread )
  0x0000019bced6fe30 JavaThread "Test worker" [_thread_in_vm, id=18428, stack(0x00000055c6200000,0x00000055c6300000)]
  0x0000019be95467a0 JavaThread "Reference Handler" daemon [_thread_blocked, id=24924, stack(0x00000055c6900000,0x00000055c6a00000)]
  0x0000019be9549580 JavaThread "Finalizer" daemon [_thread_blocked, id=7992, stack(0x00000055c6a00000,0x00000055c6b00000)]
  0x0000019be955c610 JavaThread "Signal Dispatcher" daemon [_thread_blocked, id=24868, stack(0x00000055c6b00000,0x00000055c6c00000)]
  0x0000019be955cf20 JavaThread "Attach Listener" daemon [_thread_blocked, id=2852, stack(0x00000055c6c00000,0x00000055c6d00000)]
  0x0000019be955d830 JavaThread "Service Thread" daemon [_thread_blocked, id=26248, stack(0x00000055c6d00000,0x00000055c6e00000)]
  0x0000019be955e140 JavaThread "Monitor Deflation Thread" daemon [_thread_blocked, id=22328, stack(0x00000055c6e00000,0x00000055c6f00000)]
=>0x0000019be9562280 JavaThread "C2 CompilerThread0" daemon [_thread_in_native, id=19492, stack(0x00000055c6f00000,0x00000055c7000000)]
  0x0000019be956dc00 JavaThread "C1 CompilerThread0" daemon [_thread_in_vm, id=1376, stack(0x00000055c7000000,0x00000055c7100000)]
  0x0000019be9570560 JavaThread "Sweeper thread" daemon [_thread_blocked, id=16636, stack(0x00000055c7100000,0x00000055c7200000)]
  0x0000019be974dfe0 JavaThread "Common-Cleaner" daemon [_thread_blocked, id=17284, stack(0x00000055c7200000,0x00000055c7300000)]
  0x0000019be974f330 JavaThread "Notification Thread" daemon [_thread_blocked, id=22596, stack(0x00000055c7300000,0x00000055c7400000)]
  0x0000019bea63d8d0 JavaThread "C2 CompilerThread1" daemon [_thread_in_native, id=24584, stack(0x00000055c7500000,0x00000055c7600000)]
  0x0000019bea88c2b0 JavaThread "/127.0.0.1:59287 to /127.0.0.1:59286 workers" [_thread_blocked, id=4384, stack(0x00000055c7700000,0x00000055c7800000)]
  0x0000019beabaaf20 JavaThread "/127.0.0.1:59287 to /127.0.0.1:59286 workers Thread 2" [_thread_blocked, id=896, stack(0x00000055c7800000,0x00000055c7900000)]
  0x0000019beabc0aa0 JavaThread "/127.0.0.1:59287 to /127.0.0.1:59286 workers Thread 3" [_thread_in_native, id=7176, stack(0x00000055c7900000,0x00000055c7a00000)]
  0x0000019beabed230 JavaThread "C2 CompilerThread2" daemon [_thread_in_native, id=17652, stack(0x00000055c7a00000,0x00000055c7b00000)]
  0x0000019becb05570 JavaThread "HikariPool-1 housekeeper" daemon [_thread_blocked, id=672, stack(0x00000055c8400000,0x00000055c8500000)]

Other Threads:
  0x0000019be9539d40 VMThread "VM Thread" [stack: 0x00000055c6800000,0x00000055c6900000] [id=20424]
  0x0000019be9752c70 WatcherThread [stack: 0x00000055c7400000,0x00000055c7500000] [id=4152]
  0x0000019bced95640 GCTaskThread "GC Thread#0" [stack: 0x00000055c6300000,0x00000055c6400000] [id=25060]
  0x0000019bced70fa0 GCTaskThread "GC Thread#1" [stack: 0x00000055c7b00000,0x00000055c7c00000] [id=3212]
  0x0000019beab3dc60 GCTaskThread "GC Thread#2" [stack: 0x00000055c7c00000,0x00000055c7d00000] [id=23176]
  0x0000019beb761420 GCTaskThread "GC Thread#3" [stack: 0x00000055c7d00000,0x00000055c7e00000] [id=4244]
  0x0000019beb761730 GCTaskThread "GC Thread#4" [stack: 0x00000055c7e00000,0x00000055c7f00000] [id=22000]
  0x0000019beb2c0f50 GCTaskThread "GC Thread#5" [stack: 0x00000055c7f00000,0x00000055c8000000] [id=3492]
  0x0000019beb2c1260 GCTaskThread "GC Thread#6" [stack: 0x00000055c8000000,0x00000055c8100000] [id=25272]
  0x0000019beaca4400 GCTaskThread "GC Thread#7" [stack: 0x00000055c8100000,0x00000055c8200000] [id=22176]
  0x0000019bced9b6a0 ConcurrentGCThread "G1 Main Marker" [stack: 0x00000055c6400000,0x00000055c6500000] [id=22088]
  0x0000019bced9c840 ConcurrentGCThread "G1 Conc#0" [stack: 0x00000055c6500000,0x00000055c6600000] [id=18844]
  0x0000019bec3bfcd0 ConcurrentGCThread "G1 Conc#1" [stack: 0x00000055c8500000,0x00000055c8600000] [id=3608]
  0x0000019be94729b0 ConcurrentGCThread "G1 Refine#0" [stack: 0x00000055c6600000,0x00000055c6700000] [id=21216]
  0x0000019beb0be5e0 ConcurrentGCThread "G1 Refine#1" [stack: 0x00000055c8200000,0x00000055c8300000] [id=12168]
  0x0000019bead127f0 ConcurrentGCThread "G1 Refine#2" [stack: 0x00000055c8300000,0x00000055c8400000] [id=25120]
  0x0000019be9474250 ConcurrentGCThread "G1 Service" [stack: 0x00000055c6700000,0x00000055c6800000] [id=26204]

Threads with active compile tasks:
C2 CompilerThread0     3340 3909       4       org.springframework.core.ResolvableType::as (86 bytes)
C1 CompilerThread0     3340 4212       3       org.h2.util.ParserUtil::getSaveTokenType (1427 bytes)
C2 CompilerThread1     3340 4165   !   4       jdk.internal.loader.BuiltinClassLoader::loadClassOrNull (143 bytes)
C2 CompilerThread2     3340 4021       4       org.springframework.boot.context.properties.source.ConfigurationPropertyName$ElementsParser::parse (234 bytes)

VM state: not at safepoint (normal execution)

VM Mutex/Monitor currently owned by a thread: None

Heap address: 0x00000000e0000000, size: 512 MB, Compressed Oops mode: 32-bit

CDS archive(s) mapped at: [0x0000000800000000-0x0000000800bb0000-0x0000000800bb0000), size 12255232, SharedBaseAddress: 0x0000000800000000, ArchiveRelocationMode: 0.
Compressed class space mapped at: 0x0000000800c00000-0x0000000840c00000, reserved size: 1073741824
Narrow klass base: 0x0000000800000000, Narrow klass shift: 3, Narrow klass range: 0x100000000

GC Precious Log:
 CPUs: 8 total, 8 available
 Memory: 32350M
 Large Page Support: Disabled
 NUMA Support: Disabled
 Compressed Oops: Enabled (32-bit)
 Heap Region Size: 1M
 Heap Min Capacity: 8M
 Heap Initial Capacity: 506M
 Heap Max Capacity: 512M
 Pre-touch: Disabled
 Parallel Workers: 8
 Concurrent Workers: 2
 Concurrent Refinement Workers: 8
 Periodic GC: Disabled

Heap:
 garbage-first heap   total 60416K, used 41648K [0x00000000e0000000, 0x0000000100000000)
  region size 1024K, 24 young (24576K), 2 survivors (2048K)
 Metaspace       used 40889K, committed 41216K, reserved 1089536K
  class space    used 5625K, committed 5760K, reserved 1048576K

Heap Regions: E=young(eden), S=young(survivor), O=old, HS=humongous(starts), HC=humongous(continues), CS=collection set, F=free, OA=open archive, CA=closed archive, TAMS=top-at-mark-start (previous, next)
|   0|0x00000000e0000000, 0x00000000e0100000, 0x00000000e0100000|100%|HS|  |TAMS 0x00000000e0100000, 0x00000000e0000000| Complete 
|   1|0x00000000e0100000, 0x00000000e0200000, 0x00000000e0200000|100%| O|  |TAMS 0x00000000e0200000, 0x00000000e0100000| Untracked 
|   2|0x00000000e0200000, 0x00000000e0300000, 0x00000000e0300000|100%| O|  |TAMS 0x00000000e0300000, 0x00000000e0200000| Untracked 
|   3|0x00000000e0300000, 0x00000000e0400000, 0x00000000e0400000|100%| O|  |TAMS 0x00000000e0400000, 0x00000000e0300000| Untracked 
|   4|0x00000000e0400000, 0x00000000e0500000, 0x00000000e0500000|100%| O|  |TAMS 0x00000000e0500000, 0x00000000e0400000| Untracked 
|   5|0x00000000e0500000, 0x00000000e0600000, 0x00000000e0600000|100%| O|  |TAMS 0x00000000e0600000, 0x00000000e0500000| Untracked 
|   6|0x00000000e0600000, 0x00000000e0700000, 0x00000000e0700000|100%| O|  |TAMS 0x00000000e0700000, 0x00000000e0600000| Untracked 
|   7|0x00000000e0700000, 0x00000000e0800000, 0x00000000e0800000|100%| O|  |TAMS 0x00000000e0800000, 0x00000000e0700000| Untracked 
|   8|0x00000000e0800000, 0x00000000e0900000, 0x00000000e0900000|100%| O|  |TAMS 0x00000000e0900000, 0x00000000e0800000| Untracked 
|   9|0x00000000e0900000, 0x00000000e0a00000, 0x00000000e0a00000|100%| O|  |TAMS 0x00000000e0a00000, 0x00000000e0900000| Untracked 
|  10|0x00000000e0a00000, 0x00000000e0a74c00, 0x00000000e0b00000| 45%| O|  |TAMS 0x00000000e0a74c00, 0x00000000e0a00000| Untracked 
|  11|0x00000000e0b00000, 0x00000000e0c00000, 0x00000000e0c00000|100%| O|  |TAMS 0x00000000e0c00000, 0x00000000e0b00000| Untracked 
|  12|0x00000000e0c00000, 0x00000000e0d00000, 0x00000000e0d00000|100%| O|  |TAMS 0x00000000e0d00000, 0x00000000e0c00000| Untracked 
|  13|0x00000000e0d00000, 0x00000000e0e00000, 0x00000000e0e00000|100%| O|  |TAMS 0x00000000e0e00000, 0x00000000e0d00000| Untracked 
|  14|0x00000000e0e00000, 0x00000000e0f00000, 0x00000000e0f00000|100%| O|  |TAMS 0x00000000e0f00000, 0x00000000e0e00000| Untracked 
|  15|0x00000000e0f00000, 0x00000000e1000000, 0x00000000e1000000|100%| O|  |TAMS 0x00000000e1000000, 0x00000000e0f00000| Untracked 
|  16|0x00000000e1000000, 0x00000000e1100000, 0x00000000e1100000|100%| O|  |TAMS 0x00000000e1100000, 0x00000000e1000000| Untracked 
|  17|0x00000000e1100000, 0x00000000e1200000, 0x00000000e1200000|100%| O|  |TAMS 0x00000000e11c8400, 0x00000000e1100000| Untracked 
|  18|0x00000000e1200000, 0x00000000e1300000, 0x00000000e1300000|100%| O|  |TAMS 0x00000000e1200000, 0x00000000e1200000| Untracked 
|  19|0x00000000e1300000, 0x00000000e1337400, 0x00000000e1400000| 21%| O|  |TAMS 0x00000000e1300000, 0x00000000e1300000| Untracked 
|  20|0x00000000e1400000, 0x00000000e1400000, 0x00000000e1500000|  0%| F|  |TAMS 0x00000000e1400000, 0x00000000e1400000| Untracked 
|  21|0x00000000e1500000, 0x00000000e1500000, 0x00000000e1600000|  0%| F|  |TAMS 0x00000000e1500000, 0x00000000e1500000| Untracked 
|  22|0x00000000e1600000, 0x00000000e1600000, 0x00000000e1700000|  0%| F|  |TAMS 0x00000000e1600000, 0x00000000e1600000| Untracked 
|  23|0x00000000e1700000, 0x00000000e1700000, 0x00000000e1800000|  0%| F|  |TAMS 0x00000000e1700000, 0x00000000e1700000| Untracked 
|  24|0x00000000e1800000, 0x00000000e1800000, 0x00000000e1900000|  0%| F|  |TAMS 0x00000000e1800000, 0x00000000e1800000| Untracked 
|  25|0x00000000e1900000, 0x00000000e1900000, 0x00000000e1a00000|  0%| F|  |TAMS 0x00000000e1900000, 0x00000000e1900000| Untracked 
|  26|0x00000000e1a00000, 0x00000000e1a00000, 0x00000000e1b00000|  0%| F|  |TAMS 0x00000000e1a00000, 0x00000000e1a00000| Untracked 
|  27|0x00000000e1b00000, 0x00000000e1b00000, 0x00000000e1c00000|  0%| F|  |TAMS 0x00000000e1b00000, 0x00000000e1b00000| Untracked 
|  28|0x00000000e1c00000, 0x00000000e1c00000, 0x00000000e1d00000|  0%| F|  |TAMS 0x00000000e1c00000, 0x00000000e1c00000| Untracked 
|  29|0x00000000e1d00000, 0x00000000e1d00000, 0x00000000e1e00000|  0%| F|  |TAMS 0x00000000e1d00000, 0x00000000e1d00000| Untracked 
|  30|0x00000000e1e00000, 0x00000000e1e00000, 0x00000000e1f00000|  0%| F|  |TAMS 0x00000000e1e00000, 0x00000000e1e00000| Untracked 
|  31|0x00000000e1f00000, 0x00000000e1f00000, 0x00000000e2000000|  0%| F|  |TAMS 0x00000000e1f00000, 0x00000000e1f00000| Untracked 
|  32|0x00000000e2000000, 0x00000000e2000000, 0x00000000e2100000|  0%| F|  |TAMS 0x00000000e2000000, 0x00000000e2000000| Untracked 
|  33|0x00000000e2100000, 0x00000000e2100000, 0x00000000e2200000|  0%| F|  |TAMS 0x00000000e2100000, 0x00000000e2100000| Untracked 
|  34|0x00000000e2200000, 0x00000000e2200000, 0x00000000e2300000|  0%| F|  |TAMS 0x00000000e2200000, 0x00000000e2200000| Untracked 
|  35|0x00000000e2300000, 0x00000000e2377d28, 0x00000000e2400000| 46%| E|  |TAMS 0x00000000e2300000, 0x00000000e2300000| Complete 
|  36|0x00000000e2400000, 0x00000000e2500000, 0x00000000e2500000|100%| E|CS|TAMS 0x00000000e2400000, 0x00000000e2400000| Complete 
|  37|0x00000000e2500000, 0x00000000e2600000, 0x00000000e2600000|100%| E|CS|TAMS 0x00000000e2500000, 0x00000000e2500000| Complete 
|  38|0x00000000e2600000, 0x00000000e2700000, 0x00000000e2700000|100%| E|CS|TAMS 0x00000000e2600000, 0x00000000e2600000| Complete 
|  39|0x00000000e2700000, 0x00000000e2800000, 0x00000000e2800000|100%| E|CS|TAMS 0x00000000e2700000, 0x00000000e2700000| Complete 
|  40|0x00000000e2800000, 0x00000000e2900000, 0x00000000e2900000|100%| E|CS|TAMS 0x00000000e2800000, 0x00000000e2800000| Complete 
|  41|0x00000000e2900000, 0x00000000e2a00000, 0x00000000e2a00000|100%| E|CS|TAMS 0x00000000e2900000, 0x00000000e2900000| Complete 
|  42|0x00000000e2a00000, 0x00000000e2b00000, 0x00000000e2b00000|100%| E|CS|TAMS 0x00000000e2a00000, 0x00000000e2a00000| Complete 
|  43|0x00000000e2b00000, 0x00000000e2c00000, 0x00000000e2c00000|100%| E|CS|TAMS 0x00000000e2b00000, 0x00000000e2b00000| Complete 
|  44|0x00000000e2c00000, 0x00000000e2d00000, 0x00000000e2d00000|100%| E|CS|TAMS 0x00000000e2c00000, 0x00000000e2c00000| Complete 
|  45|0x00000000e2d00000, 0x00000000e2e00000, 0x00000000e2e00000|100%| E|CS|TAMS 0x00000000e2d00000, 0x00000000e2d00000| Complete 
|  46|0x00000000e2e00000, 0x00000000e2f00000, 0x00000000e2f00000|100%| E|  |TAMS 0x00000000e2e00000, 0x00000000e2e00000| Complete 
|  47|0x00000000e2f00000, 0x00000000e3000000, 0x00000000e3000000|100%| E|CS|TAMS 0x00000000e2f00000, 0x00000000e2f00000| Complete 
|  48|0x00000000e3000000, 0x00000000e3100000, 0x00000000e3100000|100%| E|CS|TAMS 0x00000000e3000000, 0x00000000e3000000| Complete 
|  49|0x00000000e3100000, 0x00000000e3200000, 0x00000000e3200000|100%| E|CS|TAMS 0x00000000e3100000, 0x00000000e3100000| Complete 
|  50|0x00000000e3200000, 0x00000000e3300000, 0x00000000e3300000|100%| E|CS|TAMS 0x00000000e3200000, 0x00000000e3200000| Complete 
|  51|0x00000000e3300000, 0x00000000e3400000, 0x00000000e3400000|100%| E|CS|TAMS 0x00000000e3300000, 0x00000000e3300000| Complete 
|  52|0x00000000e3400000, 0x00000000e3500000, 0x00000000e3500000|100%| E|CS|TAMS 0x00000000e3400000, 0x00000000e3400000| Complete 
|  53|0x00000000e3500000, 0x00000000e3600000, 0x00000000e3600000|100%| E|CS|TAMS 0x00000000e3500000, 0x00000000e3500000| Complete 
| 451|0x00000000fc300000, 0x00000000fc400000, 0x00000000fc400000|100%| E|CS|TAMS 0x00000000fc300000, 0x00000000fc300000| Complete 
| 452|0x00000000fc400000, 0x00000000fc500000, 0x00000000fc500000|100%| S|CS|TAMS 0x00000000fc400000, 0x00000000fc400000| Complete 
| 453|0x00000000fc500000, 0x00000000fc600000, 0x00000000fc600000|100%| S|CS|TAMS 0x00000000fc500000, 0x00000000fc500000| Complete 
| 454|0x00000000fc600000, 0x00000000fc700000, 0x00000000fc700000|100%| E|CS|TAMS 0x00000000fc600000, 0x00000000fc600000| Complete 
| 505|0x00000000ff900000, 0x00000000ffa00000, 0x00000000ffa00000|100%| E|CS|TAMS 0x00000000ff900000, 0x00000000ff900000| Complete 

Card table byte_map: [0x0000019be5900000,0x0000019be5a00000] _byte_map_base: 0x0000019be5200000

Marking Bits (Prev, Next): (CMBitMap*) 0x0000019bced95c40, (CMBitMap*) 0x0000019bced95c80
 Prev Bits: [0x0000019be5b00000, 0x0000019be6300000)
 Next Bits: [0x0000019be6300000, 0x0000019be6b00000)

Polling page: 0x0000019bcccb0000

Metaspace:

Usage:
  Non-class:     34.44 MB used.
      Class:      5.49 MB used.
       Both:     39.94 MB used.

Virtual space:
  Non-class space:       40.00 MB reserved,      34.63 MB ( 87%) committed,  5 nodes.
      Class space:        1.00 GB reserved,       5.63 MB ( <1%) committed,  1 nodes.
              Both:        1.04 GB reserved,      40.25 MB (  4%) committed. 

Chunk freelists:
   Non-Class:  1.13 MB
       Class:  2.33 MB
        Both:  3.45 MB

MaxMetaspaceSize: 17179869184.00 GB
CompressedClassSpaceSize: 1.00 GB
 - commit_granule_bytes: 65536.
 - commit_granule_words: 8192.
 - virtual_space_node_default_size: 1048576.
 - enlarge_chunks_in_place: 1.
 - new_chunks_are_fully_committed: 0.
 - uncommit_free_chunks: 1.
 - use_allocation_guard: 0.
 - handle_deallocations: 1.


Internal statistics:

num_allocs_failed_limit: 6.
num_arena_births: 414.
num_arena_deaths: 0.
num_vsnodes_births: 6.
num_vsnodes_deaths: 0.
num_space_committed: 644.
num_space_uncommitted: 0.
num_chunks_returned_to_freelist: 6.
num_chunks_taken_from_freelist: 1893.
num_chunk_merges: 6.
num_chunk_splits: 1333.
num_chunks_enlarged: 1029.
num_purges: 0.

CodeHeap 'non-profiled nmethods': size=120000Kb used=2384Kb max_used=2384Kb free=117615Kb
 bounds [0x0000019bddf90000, 0x0000019bde200000, 0x0000019be54c0000]
CodeHeap 'profiled nmethods': size=120000Kb used=9174Kb max_used=9174Kb free=110825Kb
 bounds [0x0000019bd6a60000, 0x0000019bd7360000, 0x0000019bddf90000]
CodeHeap 'non-nmethods': size=5760Kb used=1268Kb max_used=1322Kb free=4491Kb
 bounds [0x0000019bd64c0000, 0x0000019bd6730000, 0x0000019bd6a60000]
 total_blobs=4768 nmethods=4195 adapters=484
 compilation: enabled
              stopped_count=0, restarted_count=0
 full_count=0

Compilation events (20 events):
Event: 3.273 Thread 0x0000019bea63d8d0 nmethod 4150 0x0000019bde1da010 code [0x0000019bde1da220, 0x0000019bde1db908]
Event: 3.273 Thread 0x0000019bea63d8d0 4007       4       java.lang.Character::toLowerCase (6 bytes)
Event: 3.274 Thread 0x0000019bea63d8d0 nmethod 4007 0x0000019bde1dc490 code [0x0000019bde1dc620, 0x0000019bde1dc758]
Event: 3.274 Thread 0x0000019bea63d8d0 3981       4       java.util.AbstractMap::<init> (5 bytes)
Event: 3.274 Thread 0x0000019bea63d8d0 nmethod 3981 0x0000019bde1dc890 code [0x0000019bde1dca00, 0x0000019bde1dca78]
Event: 3.274 Thread 0x0000019bea63d8d0 4044       4       java.lang.StringBuilder::length (5 bytes)
Event: 3.274 Thread 0x0000019bea63d8d0 nmethod 4044 0x0000019bde1dcb90 code [0x0000019bde1dcd00, 0x0000019bde1dcd78]
Event: 3.274 Thread 0x0000019bea63d8d0 4132       4       java.util.Optional::orElse (16 bytes)
Event: 3.274 Thread 0x0000019bea63d8d0 nmethod 4132 0x0000019bde1dce90 code [0x0000019bde1dd000, 0x0000019bde1dd098]
Event: 3.274 Thread 0x0000019bea63d8d0 3960       4       java.lang.String::compareTo (63 bytes)
Event: 3.274 Thread 0x0000019bea63d8d0 nmethod 3960 0x0000019bde1dd190 code [0x0000019bde1dd320, 0x0000019bde1dd538]
Event: 3.279 Thread 0x0000019be956dc00 4151       3       java.lang.ClassLoader::definePackage (53 bytes)
Event: 3.279 Thread 0x0000019be956dc00 nmethod 4151 0x0000019bd7336d10 code [0x0000019bd7336f00, 0x0000019bd73374f8]
Event: 3.280 Thread 0x0000019bea63d8d0 4152       4       java.io.WinNTFileSystem::normalize (143 bytes)
Event: 3.285 Thread 0x0000019be956dc00 4154       3       sun.invoke.util.Wrapper::isDoubleWord (15 bytes)
Event: 3.286 Thread 0x0000019be956dc00 nmethod 4154 0x0000019bd7337790 code [0x0000019bd7337920, 0x0000019bd7337a98]
Event: 3.287 Thread 0x0000019be956dc00 4156       3       com.esotericsoftware.kryo.io.Output::require (209 bytes)
Event: 3.287 Thread 0x0000019be956dc00 nmethod 4156 0x0000019bd7337b10 code [0x0000019bd7337de0, 0x0000019bd73388d8]
Event: 3.287 Thread 0x0000019be956dc00 4157       3       sun.net.www.ParseUtil::encodePath (41 bytes)
Event: 3.287 Thread 0x0000019be956dc00 nmethod 4157 0x0000019bd7338c90 code [0x0000019bd7338e60, 0x0000019bd73390c8]

GC Heap History (18 events):
Event: 0.692 GC heap before
{Heap before GC invocations=0 (full 0):
 garbage-first heap   total 518144K, used 26624K [0x00000000e0000000, 0x0000000100000000)
  region size 1024K, 25 young (25600K), 0 survivors (0K)
 Metaspace       used 5870K, committed 6080K, reserved 1056768K
  class space    used 730K, committed 832K, reserved 1048576K
}
Event: 0.696 GC heap after
{Heap after GC invocations=1 (full 0):
 garbage-first heap   total 518144K, used 10817K [0x00000000e0000000, 0x0000000100000000)
  region size 1024K, 4 young (4096K), 4 survivors (4096K)
 Metaspace       used 5870K, committed 6080K, reserved 1056768K
  class space    used 730K, committed 832K, reserved 1048576K
}
Event: 1.027 GC heap before
{Heap before GC invocations=1 (full 0):
 garbage-first heap   total 518144K, used 32321K [0x00000000e0000000, 0x0000000100000000)
  region size 1024K, 25 young (25600K), 4 survivors (4096K)
 Metaspace       used 10394K, committed 10624K, reserved 1064960K
  class space    used 1348K, committed 1472K, reserved 1048576K
}
Event: 1.030 GC heap after
{Heap after GC invocations=2 (full 0):
 garbage-first heap   total 518144K, used 11996K [0x00000000e0000000, 0x0000000100000000)
  region size 1024K, 2 young (2048K), 2 survivors (2048K)
 Metaspace       used 10394K, committed 10624K, reserved 1064960K
  class space    used 1348K, committed 1472K, reserved 1048576K
}
Event: 1.538 GC heap before
{Heap before GC invocations=2 (full 0):
 garbage-first heap   total 518144K, used 61148K [0x00000000e0000000, 0x0000000100000000)
  region size 1024K, 51 young (52224K), 2 survivors (2048K)
 Metaspace       used 20921K, committed 21248K, reserved 1073152K
  class space    used 2696K, committed 2880K, reserved 1048576K
}
Event: 1.541 GC heap after
{Heap after GC invocations=3 (full 0):
 garbage-first heap   total 518144K, used 14420K [0x00000000e0000000, 0x0000000100000000)
  region size 1024K, 4 young (4096K), 4 survivors (4096K)
 Metaspace       used 20921K, committed 21248K, reserved 1073152K
  class space    used 2696K, committed 2880K, reserved 1048576K
}
Event: 1.633 GC heap before
{Heap before GC invocations=4 (full 0):
 garbage-first heap   total 55296K, used 53332K [0x00000000e0000000, 0x0000000100000000)
  region size 1024K, 43 young (44032K), 4 survivors (4096K)
 Metaspace       used 22271K, committed 22592K, reserved 1073152K
  class space    used 2893K, committed 3072K, reserved 1048576K
}
Event: 1.637 GC heap after
{Heap after GC invocations=5 (full 0):
 garbage-first heap   total 60416K, used 15456K [0x00000000e0000000, 0x0000000100000000)
  region size 1024K, 5 young (5120K), 5 survivors (5120K)
 Metaspace       used 22271K, committed 22592K, reserved 1073152K
  class space    used 2893K, committed 3072K, reserved 1048576K
}
Event: 1.866 GC heap before
{Heap before GC invocations=5 (full 0):
 garbage-first heap   total 60416K, used 39008K [0x00000000e0000000, 0x0000000100000000)
  region size 1024K, 29 young (29696K), 5 survivors (5120K)
 Metaspace       used 23807K, committed 24064K, reserved 1073152K
  class space    used 3059K, committed 3200K, reserved 1048576K
}
Event: 1.869 GC heap after
{Heap after GC invocations=6 (full 0):
 garbage-first heap   total 60416K, used 16745K [0x00000000e0000000, 0x0000000100000000)
  region size 1024K, 3 young (3072K), 3 survivors (3072K)
 Metaspace       used 23807K, committed 24064K, reserved 1073152K
  class space    used 3059K, committed 3200K, reserved 1048576K
}
Event: 2.251 GC heap before
{Heap before GC invocations=6 (full 0):
 garbage-first heap   total 60416K, used 41321K [0x00000000e0000000, 0x0000000100000000)
  region size 1024K, 27 young (27648K), 3 survivors (3072K)
 Metaspace       used 27069K, committed 27392K, reserved 1073152K
  class space    used 3597K, committed 3776K, reserved 1048576K
}
Event: 2.254 GC heap after
{Heap after GC invocations=7 (full 0):
 garbage-first heap   total 60416K, used 17684K [0x00000000e0000000, 0x0000000100000000)
  region size 1024K, 3 young (3072K), 3 survivors (3072K)
 Metaspace       used 27069K, committed 27392K, reserved 1073152K
  class space    used 3597K, committed 3776K, reserved 1048576K
}
Event: 2.668 GC heap before
{Heap before GC invocations=7 (full 0):
 garbage-first heap   total 60416K, used 43284K [0x00000000e0000000, 0x0000000100000000)
  region size 1024K, 28 young (28672K), 3 survivors (3072K)
 Metaspace       used 31713K, committed 32064K, reserved 1081344K
  class space    used 4357K, committed 4544K, reserved 1048576K
}
Event: 2.670 GC heap after
{Heap after GC invocations=8 (full 0):
 garbage-first heap   total 60416K, used 19369K [0x00000000e0000000, 0x0000000100000000)
  region size 1024K, 3 young (3072K), 3 survivors (3072K)
 Metaspace       used 31713K, committed 32064K, reserved 1081344K
  class space    used 4357K, committed 4544K, reserved 1048576K
}
Event: 3.042 GC heap before
{Heap before GC invocations=8 (full 0):
 garbage-first heap   total 60416K, used 44969K [0x00000000e0000000, 0x0000000100000000)
  region size 1024K, 28 young (28672K), 3 survivors (3072K)
 Metaspace       used 35269K, committed 35648K, reserved 1081344K
  class space    used 4977K, committed 5184K, reserved 1048576K
}
Event: 3.046 GC heap after
{Heap after GC invocations=9 (full 0):
 garbage-first heap   total 60416K, used 21121K [0x00000000e0000000, 0x0000000100000000)
  region size 1024K, 4 young (4096K), 4 survivors (4096K)
 Metaspace       used 35269K, committed 35648K, reserved 1081344K
  class space    used 4977K, committed 5184K, reserved 1048576K
}
Event: 3.057 GC heap before
{Heap before GC invocations=9 (full 0):
 garbage-first heap   total 60416K, used 22145K [0x00000000e0000000, 0x0000000100000000)
  region size 1024K, 6 young (6144K), 4 survivors (4096K)
 Metaspace       used 35293K, committed 35648K, reserved 1081344K
  class space    used 4980K, committed 5184K, reserved 1048576K
}
Event: 3.059 GC heap after
{Heap after GC invocations=10 (full 0):
 garbage-first heap   total 60416K, used 21168K [0x00000000e0000000, 0x0000000100000000)
  region size 1024K, 2 young (2048K), 2 survivors (2048K)
 Metaspace       used 35293K, committed 35648K, reserved 1081344K
  class space    used 4980K, committed 5184K, reserved 1048576K
}

Deoptimization events (20 events):
Event: 3.213 Thread 0x0000019bced6fe30 DEOPT PACKING pc=0x0000019bd7335e08 sp=0x00000055c62f9180
Event: 3.213 Thread 0x0000019bced6fe30 DEOPT UNPACKING pc=0x0000019bd650dece sp=0x00000055c62f8688 mode 0
Event: 3.227 Thread 0x0000019bced6fe30 DEOPT PACKING pc=0x0000019bd73305b8 sp=0x00000055c62f59a0
Event: 3.227 Thread 0x0000019bced6fe30 DEOPT UNPACKING pc=0x0000019bd650dece sp=0x00000055c62f4eb8 mode 0
Event: 3.235 Thread 0x0000019bced6fe30 DEOPT PACKING pc=0x0000019bd7335e08 sp=0x00000055c62f3e90
Event: 3.235 Thread 0x0000019bced6fe30 DEOPT UNPACKING pc=0x0000019bd650dece sp=0x00000055c62f3398 mode 0
Event: 3.239 Thread 0x0000019bced6fe30 DEOPT PACKING pc=0x0000019bd73305b8 sp=0x00000055c62f3c20
Event: 3.239 Thread 0x0000019bced6fe30 DEOPT UNPACKING pc=0x0000019bd650dece sp=0x00000055c62f3138 mode 0
Event: 3.249 Thread 0x0000019bced6fe30 DEOPT PACKING pc=0x0000019bd7335e08 sp=0x00000055c62f9390
Event: 3.249 Thread 0x0000019bced6fe30 DEOPT UNPACKING pc=0x0000019bd650dece sp=0x00000055c62f8898 mode 0
Event: 3.249 Thread 0x0000019bced6fe30 DEOPT PACKING pc=0x0000019bd73305b8 sp=0x00000055c62f7a30
Event: 3.249 Thread 0x0000019bced6fe30 DEOPT UNPACKING pc=0x0000019bd650dece sp=0x00000055c62f6f48 mode 0
Event: 3.257 Thread 0x0000019bced6fe30 Uncommon trap: trap_request=0xffffff45 fr.pc=0x0000019bde022688 relative=0x0000000000000628
Event: 3.257 Thread 0x0000019bced6fe30 Uncommon trap: reason=unstable_if action=reinterpret pc=0x0000019bde022688 method=java.lang.String.regionMatches(ZILjava/lang/String;II)Z @ 1 c2
Event: 3.257 Thread 0x0000019bced6fe30 DEOPT PACKING pc=0x0000019bde022688 sp=0x00000055c62fa600
Event: 3.257 Thread 0x0000019bced6fe30 DEOPT UNPACKING pc=0x0000019bd650d72e sp=0x00000055c62fa5a8 mode 2
Event: 3.272 Thread 0x0000019bced6fe30 DEOPT PACKING pc=0x0000019bd7335e08 sp=0x00000055c62fa050
Event: 3.272 Thread 0x0000019bced6fe30 DEOPT UNPACKING pc=0x0000019bd650dece sp=0x00000055c62f9558 mode 0
Event: 3.280 Thread 0x0000019bced6fe30 DEOPT PACKING pc=0x0000019bd7335e08 sp=0x00000055c62f6ab0
Event: 3.280 Thread 0x0000019bced6fe30 DEOPT UNPACKING pc=0x0000019bd650dece sp=0x00000055c62f5fb8 mode 0

Classes unloaded (0 events):
No events

Classes redefined (0 events):
No events

Internal exceptions (20 events):
Event: 3.048 Thread 0x0000019bced6fe30 Exception <a 'java/lang/ClassNotFoundException'{0x00000000ff938628}: org/springframework/beans/factory/BeanClassLoaderAwareCustomizer> (0x00000000ff938628) 
thrown [t:\workspace\open\src\hotspot\share\classfile\systemDictionary.cpp, line 256]
Event: 3.049 Thread 0x0000019bced6fe30 Exception <a 'java/lang/ClassNotFoundException'{0x00000000ff93f610}: org/springframework/beans/factory/AwareCustomizer> (0x00000000ff93f610) 
thrown [t:\workspace\open\src\hotspot\share\classfile\systemDictionary.cpp, line 256]
Event: 3.049 Thread 0x0000019bced6fe30 Exception <a 'java/lang/ClassNotFoundException'{0x00000000ff945a58}: org/springframework/beans/factory/InitializingBeanCustomizer> (0x00000000ff945a58) 
thrown [t:\workspace\open\src\hotspot\share\classfile\systemDictionary.cpp, line 256]
Event: 3.071 Thread 0x0000019bced6fe30 Exception <a 'java/lang/ClassNotFoundException'{0x00000000ff994ba0}: java/lang/ObjectCustomizer> (0x00000000ff994ba0) 
thrown [t:\workspace\open\src\hotspot\share\classfile\systemDictionary.cpp, line 256]
Event: 3.072 Thread 0x0000019bced6fe30 Exception <a 'java/lang/ClassNotFoundException'{0x00000000ff99df60}: com/zaxxer/hikari/HikariConfigCustomizer> (0x00000000ff99df60) 
thrown [t:\workspace\open\src\hotspot\share\classfile\systemDictionary.cpp, line 256]
Event: 3.075 Thread 0x0000019bced6fe30 Exception <a 'java/lang/ClassNotFoundException'{0x00000000ff9cf488}: com/zaxxer/hikari/HikariDataSourceCustomizer> (0x00000000ff9cf488) 
thrown [t:\workspace\open\src\hotspot\share\classfile\systemDictionary.cpp, line 256]
Event: 3.078 Thread 0x0000019bced6fe30 Exception <a 'java/lang/ClassNotFoundException'{0x00000000fc609aa8}: javax/sql/DataSourceCustomizer> (0x00000000fc609aa8) 
thrown [t:\workspace\open\src\hotspot\share\classfile\systemDictionary.cpp, line 256]
Event: 3.078 Thread 0x0000019bced6fe30 Exception <a 'java/lang/ClassNotFoundException'{0x00000000fc613070}: javax/sql/CommonDataSourceCustomizer> (0x00000000fc613070) 
thrown [t:\workspace\open\src\hotspot\share\classfile\systemDictionary.cpp, line 256]
Event: 3.078 Thread 0x0000019bced6fe30 Exception <a 'java/lang/ClassNotFoundException'{0x00000000fc61bbc8}: java/sql/WrapperCustomizer> (0x00000000fc61bbc8) 
thrown [t:\workspace\open\src\hotspot\share\classfile\systemDictionary.cpp, line 256]
Event: 3.079 Thread 0x0000019bced6fe30 Exception <a 'java/lang/ClassNotFoundException'{0x00000000fc624820}: com/zaxxer/hikari/HikariConfigMXBeanCustomizer> (0x00000000fc624820) 
thrown [t:\workspace\open\src\hotspot\share\classfile\systemDictionary.cpp, line 256]
Event: 3.096 Thread 0x0000019bced6fe30 Exception <a 'java/lang/NoSuchMethodError'{0x00000000e358bb98}: 'java.lang.Object java.lang.invoke.DirectMethodHandle$Holder.invokeVirtual(java.lang.Object, java.lang.Object, int)'> (0x00000000e358bb98) 
thrown [t:\workspace\open\src\hotspot\share\interpreter\linkResolver.cpp, line 790]
Event: 3.102 Thread 0x0000019bced6fe30 Exception <a 'java/lang/NoSuchMethodError'{0x00000000e3414338}: 'int java.lang.invoke.DirectMethodHandle$Holder.invokeSpecialIFC(java.lang.Object, java.lang.Object, java.lang.Object)'> (0x00000000e3414338) 
thrown [t:\workspace\open\src\hotspot\share\interpreter\linkResolver.cpp, line 790]
Event: 3.106 Thread 0x0000019bced6fe30 Exception <a 'java/lang/NoSuchMethodError'{0x00000000e3470eb8}: 'int java.lang.invoke.DirectMethodHandle$Holder.invokeSpecial(java.lang.Object, java.lang.Object, java.lang.Object, java.lang.Object, java.lang.Object)'> (0x00000000e3470eb8) 
thrown [t:\workspace\open\src\hotspot\share\interpreter\linkResolver.cpp, line 790]
Event: 3.113 Thread 0x0000019bced6fe30 Exception <a 'java/lang/ClassNotFoundException'{0x00000000e34fc320}: java/lang/ObjectCustomizer> (0x00000000e34fc320) 
thrown [t:\workspace\open\src\hotspot\share\classfile\systemDictionary.cpp, line 256]
Event: 3.114 Thread 0x0000019bced6fe30 Exception <a 'java/lang/ClassNotFoundException'{0x00000000e33051c0}: org/flywaydb/core/FlywayCustomizer> (0x00000000e33051c0) 
thrown [t:\workspace\open\src\hotspot\share\classfile\systemDictionary.cpp, line 256]
Event: 3.116 Thread 0x0000019bced6fe30 Exception <a 'java/lang/ClassNotFoundException'{0x00000000e3321ae0}: java/lang/ObjectCustomizer> (0x00000000e3321ae0) 
thrown [t:\workspace\open\src\hotspot\share\classfile\systemDictionary.cpp, line 256]
Event: 3.116 Thread 0x0000019bced6fe30 Exception <a 'java/lang/ClassNotFoundException'{0x00000000e332b378}: org/springframework/boot/autoconfigure/flyway/FlywayMigrationInitializerCustomizer> (0x00000000e332b378) 
thrown [t:\workspace\open\src\hotspot\share\classfile\systemDictionary.cpp, line 256]
Event: 3.117 Thread 0x0000019bced6fe30 Exception <a 'java/lang/ClassNotFoundException'{0x00000000e3334ba8}: org/springframework/beans/factory/InitializingBeanCustomizer> (0x00000000e3334ba8) 
thrown [t:\workspace\open\src\hotspot\share\classfile\systemDictionary.cpp, line 256]
Event: 3.117 Thread 0x0000019bced6fe30 Exception <a 'java/lang/ClassNotFoundException'{0x00000000e333ab60}: org/springframework/core/OrderedCustomizer> (0x00000000e333ab60) 
thrown [t:\workspace\open\src\hotspot\share\classfile\systemDictionary.cpp, line 256]
Event: 3.284 Thread 0x0000019bced6fe30 Exception <a 'java/lang/NoSuchMethodError'{0x00000000e263dd40}: 'java.lang.Object java.lang.invoke.DirectMethodHandle$Holder.invokeSpecial(java.lang.Object, java.lang.Object, java.lang.Object, java.lang.Object, java.lang.Object, int, java.lang.Object)'> (0x00000000e263dd40) 
thrown [t:\workspace\open\src\hotspot\share\interpreter\linkResolver.cpp, line 790]

Events (20 events):
Event: 3.193 loading class java/util/concurrent/atomic/AtomicLongFieldUpdater$CASUpdater$1 done
Event: 3.196 Executing  VM operation: HandshakeAllThreads
Event: 3.196 Executing  VM operation: HandshakeAllThreads done
Event: 3.259 loading class java/util/regex/PatternSyntaxException
Event: 3.259 loading class java/util/regex/PatternSyntaxException done
Event: 3.259 loading class java/lang/StringIndexOutOfBoundsException
Event: 3.259 loading class java/lang/StringIndexOutOfBoundsException done
Event: 3.262 loading class java/util/concurrent/ScheduledThreadPoolExecutor$ScheduledFutureTask
Event: 3.262 loading class java/util/concurrent/ScheduledThreadPoolExecutor$ScheduledFutureTask done
Event: 3.262 loading class java/util/concurrent/Executors$RunnableAdapter
Event: 3.262 loading class java/util/concurrent/Executors$RunnableAdapter done
Event: 3.263 Thread 0x0000019becb05570 Thread added: 0x0000019becb05570
Event: 3.263 loading class java/util/concurrent/TimeUnit$1
Event: 3.263 loading class java/util/concurrent/TimeUnit$1 done
Event: 3.263 loading class java/util/concurrent/ThreadPoolExecutor$DiscardOldestPolicy
Event: 3.263 loading class java/util/concurrent/ThreadPoolExecutor$DiscardOldestPolicy done
Event: 3.263 loading class java/util/concurrent/ThreadPoolExecutor$CallerRunsPolicy
Event: 3.263 loading class java/util/concurrent/ThreadPoolExecutor$CallerRunsPolicy done
Event: 3.269 loading class java/util/regex/Pattern$SliceI
Event: 3.269 loading class java/util/regex/Pattern$SliceI done


Dynamic libraries:
0x00007ff69ae50000 - 0x00007ff69ae5e000 	D:\tools\jdk-16.0.2\bin\java.exe
0x00007ffcc2f40000 - 0x00007ffcc3130000 	C:\WINDOWS\SYSTEM32\ntdll.dll
0x00007ffcc24e0000 - 0x00007ffcc2592000 	C:\WINDOWS\System32\KERNEL32.DLL
0x00007ffcc0380000 - 0x00007ffcc0625000 	C:\WINDOWS\System32\KERNELBASE.dll
0x00007ffcc0660000 - 0x00007ffcc075a000 	C:\WINDOWS\System32\ucrtbase.dll
0x00007ffcaa870000 - 0x00007ffcaa889000 	D:\tools\jdk-16.0.2\bin\VCRUNTIME140.dll
0x00007ffcad0d0000 - 0x00007ffcad0e8000 	D:\tools\jdk-16.0.2\bin\jli.dll
0x00007ffcc1c50000 - 0x00007ffcc1de5000 	C:\WINDOWS\System32\USER32.dll
0x00007ffcc0f60000 - 0x00007ffcc0f81000 	C:\WINDOWS\System32\win32u.dll
0x00007ffcc1930000 - 0x00007ffcc1956000 	C:\WINDOWS\System32\GDI32.dll
0x00007ffcbfff0000 - 0x00007ffcc0186000 	C:\WINDOWS\System32\gdi32full.dll
0x00007ffcc0190000 - 0x00007ffcc022e000 	C:\WINDOWS\System32\msvcp_win.dll
0x00007ffcaccd0000 - 0x00007ffcacf54000 	C:\WINDOWS\WinSxS\amd64_microsoft.windows.common-controls_6595b64144ccf1df_6.0.18362.1082_none_9e8193e1e45b25c1\COMCTL32.dll
0x00007ffcc1580000 - 0x00007ffcc161e000 	C:\WINDOWS\System32\msvcrt.dll
0x00007ffcc25d0000 - 0x00007ffcc2905000 	C:\WINDOWS\System32\combase.dll
0x00007ffcc1aa0000 - 0x00007ffcc1bc0000 	C:\WINDOWS\System32\RPCRT4.dll
0x00007ffcc0ee0000 - 0x00007ffcc0f60000 	C:\WINDOWS\System32\bcryptPrimitives.dll
0x00007ffcc25a0000 - 0x00007ffcc25ce000 	C:\WINDOWS\System32\IMM32.DLL
0x00007ffcac070000 - 0x00007ffcac07c000 	D:\tools\jdk-16.0.2\bin\vcruntime140_1.dll
0x00007ffc7f3c0000 - 0x00007ffc7f451000 	D:\tools\jdk-16.0.2\bin\msvcp140.dll
0x00007ffc2a6a0000 - 0x00007ffc2b24b000 	D:\tools\jdk-16.0.2\bin\server\jvm.dll
0x00007ffcc2df0000 - 0x00007ffcc2e93000 	C:\WINDOWS\System32\ADVAPI32.dll
0x00007ffcc0ff0000 - 0x00007ffcc1087000 	C:\WINDOWS\System32\sechost.dll
0x00007ffcc1620000 - 0x00007ffcc1628000 	C:\WINDOWS\System32\PSAPI.DLL
0x00007ffcbc210000 - 0x00007ffcbc219000 	C:\WINDOWS\SYSTEM32\WSOCK32.dll
0x00007ffcbdbb0000 - 0x00007ffcbdbd4000 	C:\WINDOWS\SYSTEM32\WINMM.dll
0x00007ffcbf9b0000 - 0x00007ffcbf9ba000 	C:\WINDOWS\SYSTEM32\VERSION.dll
0x00007ffcc2d80000 - 0x00007ffcc2def000 	C:\WINDOWS\System32\WS2_32.dll
0x00007ffcbdb80000 - 0x00007ffcbdbad000 	C:\WINDOWS\SYSTEM32\winmmbase.dll
0x00007ffcbfed0000 - 0x00007ffcbff1a000 	C:\WINDOWS\System32\cfgmgr32.dll
0x00007ffcbfe10000 - 0x00007ffcbfe21000 	C:\WINDOWS\System32\kernel.appcore.dll
0x00007ffca6400000 - 0x00007ffca640a000 	D:\tools\jdk-16.0.2\bin\jimage.dll
0x00007ffca56c0000 - 0x00007ffca58b4000 	C:\WINDOWS\SYSTEM32\DBGHELP.DLL
0x00007ffca5560000 - 0x00007ffca558a000 	C:\WINDOWS\SYSTEM32\dbgcore.DLL
0x00007ffc93fb0000 - 0x00007ffc93fd5000 	D:\tools\jdk-16.0.2\bin\java.dll
0x00007ffcc1df0000 - 0x00007ffcc24d7000 	C:\WINDOWS\System32\SHELL32.dll
0x00007ffcc1110000 - 0x00007ffcc11b9000 	C:\WINDOWS\System32\shcore.dll
0x00007ffcc0760000 - 0x00007ffcc0ee0000 	C:\WINDOWS\System32\windows.storage.dll
0x00007ffcbfe80000 - 0x00007ffcbfea3000 	C:\WINDOWS\System32\profapi.dll
0x00007ffcbfe30000 - 0x00007ffcbfe7a000 	C:\WINDOWS\System32\powrprof.dll
0x00007ffcbfe00000 - 0x00007ffcbfe10000 	C:\WINDOWS\System32\UMPDC.dll
0x00007ffcc18d0000 - 0x00007ffcc1922000 	C:\WINDOWS\System32\shlwapi.dll
0x00007ffcbff20000 - 0x00007ffcbff37000 	C:\WINDOWS\System32\cryptsp.dll
0x00007ffc95920000 - 0x00007ffc95939000 	D:\tools\jdk-16.0.2\bin\net.dll
0x00007ffcb5dd0000 - 0x00007ffcb5ec0000 	C:\WINDOWS\SYSTEM32\WINHTTP.dll
0x00007ffcbf360000 - 0x00007ffcbf3c7000 	C:\WINDOWS\system32\mswsock.dll
0x00007ffc94460000 - 0x00007ffc94473000 	D:\tools\jdk-16.0.2\bin\nio.dll
0x00007ffc93f90000 - 0x00007ffc93fa8000 	D:\tools\jdk-16.0.2\bin\zip.dll
0x00007ffc965c0000 - 0x00007ffc965d0000 	D:\tools\jdk-16.0.2\bin\verify.dll
0x00007ffc95fc0000 - 0x00007ffc95fce000 	D:\tools\jdk-16.0.2\bin\sunmscapi.dll
0x00007ffcc0230000 - 0x00007ffcc0379000 	C:\WINDOWS\System32\CRYPT32.dll
0x00007ffcbfeb0000 - 0x00007ffcbfec2000 	C:\WINDOWS\System32\MSASN1.dll
0x00007ffcbf6e0000 - 0x00007ffcbf706000 	C:\WINDOWS\SYSTEM32\ncrypt.dll
0x00007ffcc0630000 - 0x00007ffcc0656000 	C:\WINDOWS\System32\bcrypt.dll
0x00007ffcbf6a0000 - 0x00007ffcbf6db000 	C:\WINDOWS\SYSTEM32\NTASN1.dll
0x00007ffc94f50000 - 0x00007ffc94f57000 	C:\WINDOWS\system32\wshunix.dll
0x00007ffcbeee0000 - 0x00007ffcbef13000 	C:\WINDOWS\system32\rsaenh.dll
0x00007ffcbfd20000 - 0x00007ffcbfd45000 	C:\WINDOWS\SYSTEM32\USERENV.dll
0x00007ffcbf4e0000 - 0x00007ffcbf4ec000 	C:\WINDOWS\SYSTEM32\CRYPTBASE.dll
0x00007ffcbf080000 - 0x00007ffcbf0ba000 	C:\WINDOWS\SYSTEM32\IPHLPAPI.DLL
0x00007ffcc1c40000 - 0x00007ffcc1c48000 	C:\WINDOWS\System32\NSI.dll
0x00007ffcbade0000 - 0x00007ffcbadf6000 	C:\WINDOWS\SYSTEM32\dhcpcsvc6.DLL
0x00007ffcbadc0000 - 0x00007ffcbaddc000 	C:\WINDOWS\SYSTEM32\dhcpcsvc.DLL
0x00007ffcbf0c0000 - 0x00007ffcbf18b000 	C:\WINDOWS\SYSTEM32\DNSAPI.dll
0x00007ffc96480000 - 0x00007ffc96489000 	D:\tools\jdk-16.0.2\bin\management.dll
0x00007ffc96390000 - 0x00007ffc9639b000 	D:\tools\jdk-16.0.2\bin\management_ext.dll
0x00007ffc934f0000 - 0x00007ffc93506000 	C:\WINDOWS\system32\napinsp.dll
0x00007ffc934d0000 - 0x00007ffc934ea000 	C:\WINDOWS\system32\pnrpnsp.dll
0x00007ffcb1c20000 - 0x00007ffcb1c2e000 	C:\WINDOWS\System32\winrnr.dll
0x00007ffcbc000000 - 0x00007ffcbc01c000 	C:\WINDOWS\system32\NLAapi.dll
0x00007ffc934b0000 - 0x00007ffc934c5000 	C:\WINDOWS\system32\wshbth.dll
0x00007ffcb55b0000 - 0x00007ffcb55ba000 	C:\Windows\System32\rasadhlp.dll
0x00007ffcbaf80000 - 0x00007ffcbaff7000 	C:\WINDOWS\System32\fwpuclnt.dll

dbghelp: loaded successfully - version: 4.0.5 - missing functions: none
symbol engine: initialized successfully - sym options: 0x614 - pdb path: .;D:\tools\jdk-16.0.2\bin;C:\WINDOWS\SYSTEM32;C:\WINDOWS\WinSxS\amd64_microsoft.windows.common-controls_6595b64144ccf1df_6.0.18362.1082_none_9e8193e1e45b25c1;D:\tools\jdk-16.0.2\bin\server

VM Arguments:
jvm_args: -Dorg.gradle.internal.worker.tmpdir=D:\projects\graphql\build\tmp\test\work -Dorg.gradle.native=false --add-opens=java.base/java.util=ALL-UNNAMED --add-opens=java.base/java.lang=ALL-UNNAMED -Xmx512m -Dfile.encoding=windows-1251 -Duser.country=US -Duser.language=en -Duser.variant -ea 
java_command: worker.org.gradle.process.internal.worker.GradleWorkerMain 'Gradle Test Executor 4'
java_class_path (initial): C:\\Users\\Hunar_Letsko\\.gradle\\caches\\7.2\\workerMain\\gradle-worker.jar;D:\\projects\\graphql\\build\\classes\\java\\test;D:\\projects\\graphql\\build\\resources\\test;D:\\projects\\graphql\\build\\classes\\java\\main;D:\\projects\\graphql\\build\\resources\\main;C:\\Users\\Hunar_Letsko\\.gradle\\caches\\modules-2\\files-2.1\\org.springframework.boot\\spring-boot-starter-web\\2.5.5\\c09bf133d22c865d6ce4d67ff48aece7ff1defb1\\spring-boot-starter-web-2.5.5.jar;C:\\Users\\Hunar_Letsko\\.gradle\\caches\\modules-2\\files-2.1\\org.springframework.experimental\\graphql-spring-boot-starter\\1.0.0-SNAPSHOT\\e0ff11e99a322f4c177b703b371b00fd936bf00b\\graphql-spring-boot-starter-1.0.0-SNAPSHOT.jar;C:\\Users\\Hunar_Letsko\\.gradle\\caches\\modules-2\\files-2.1\\org.springframework.boot\\spring-boot-starter-test\\2.5.5\\e78676e5ac354f483699308768713aa016951448\\spring-boot-starter-test-2.5.5.jar;C:\\Users\\Hunar_Letsko\\.gradle\\caches\\modules-2\\files-2.1\\org.springframework.boot\\spring-boot-starter-json\\2.5.5\\11923b2b5ca33c6c849952ed1bd47a77c9ec0a85\\spring-boot-starter-json-2.5.5.jar;C:\\Users\\Hunar_Letsko\\.gradle\\caches\\modules-2\\files-2.1\\org.springframework.boot\\spring-boot-starter-data-jpa\\2.5.5\\5ec66dab8ad9dead3322e21d1bfafe29da89f360\\spring-boot-starter-data-jpa-2.5.5.jar;C:\\Users\\Hunar_Letsko\\.gradle\\caches\\modules-2\\files-2.1\\org.springframework.boot\\spring-boot-starter-aop\\2.5.5\\25b36a03046a5262089d1167e29086a62afd2e9f\\spring-boot-starter-aop-2.5.5.jar;C:\\Users\\Hunar_Letsko\\.gradle\\caches\\modules-2\\files-2.1\\org.springframework.boot\\spring-boot-starter-jdbc\\2.5.5\\937cf9e02eeefa8f2e4c4dade226e5c4482c3207\\spring-boot-starter-jdbc-2.5.5.jar;C:\\Users\\Hunar_Letsko\\.gradle\\caches\\modules-2\\files-2.1\\org.springframework.boot\\spring-boot-starter\\2.5.5\\8657d6f1f00002e8a839fc35fe2f2cd7fc09b72a\\spring-boot-starter-2.5.5.jar;C:\\Users\\Hunar_Letsko\\.gradle\\caches\\modules-2\\files-2.1\\org.flywaydb
Launcher Type: SUN_STANDARD

[Global flags]
     intx CICompilerCount                          = 4                                         {product} {ergonomic}
     uint ConcGCThreads                            = 2                                         {product} {ergonomic}
     uint G1ConcRefinementThreads                  = 8                                         {product} {ergonomic}
   size_t G1HeapRegionSize                         = 1048576                                   {product} {ergonomic}
    uintx GCDrainStackTargetSize                   = 64                                        {product} {ergonomic}
   size_t InitialHeapSize                          = 530579456                                 {product} {ergonomic}
   size_t MarkStackSize                            = 4194304                                   {product} {ergonomic}
   size_t MaxHeapSize                              = 536870912                                 {product} {command line}
   size_t MaxNewSize                               = 321912832                                 {product} {ergonomic}
   size_t MinHeapDeltaBytes                        = 1048576                                   {product} {ergonomic}
   size_t MinHeapSize                              = 8388608                                   {product} {ergonomic}
    uintx NonNMethodCodeHeapSize                   = 5839372                                {pd product} {ergonomic}
    uintx NonProfiledCodeHeapSize                  = 122909434                              {pd product} {ergonomic}
    uintx ProfiledCodeHeapSize                     = 122909434                              {pd product} {ergonomic}
    uintx ReservedCodeCacheSize                    = 251658240                              {pd product} {ergonomic}
     bool SegmentedCodeCache                       = true                                      {product} {ergonomic}
   size_t SoftMaxHeapSize                          = 536870912                              {manageable} {ergonomic}
     bool UseCompressedClassPointers               = true                           {product lp64_product} {ergonomic}
     bool UseCompressedOops                        = true                           {product lp64_product} {ergonomic}
     bool UseG1GC                                  = true                                      {product} {ergonomic}
     bool UseLargePagesIndividualAllocation        = false                                  {pd product} {ergonomic}

Logging:
Log output configuration:
 #0: stdout all=warning uptime,level,tags
 #1: stderr all=off uptime,level,tags

Environment Variables:
JAVA_HOME=D:\tools\jdk-16.0.2
PATH=C:\Python39\Scripts\;C:\Python39\;C:\Program Files (x86)\RSA SecurID Token Common;C:\Program Files\RSA SecurID Token Common;C:\WINDOWS\system32;C:\WINDOWS;C:\WINDOWS\System32\Wbem;C:\WINDOWS\System32\WindowsPowerShell\v1.0\;C:\WINDOWS\System32\OpenSSH\;D:\tools\jdk-16.0.2\bin;D:\tools\micronaut-cli-2.1.0\bin;C:\Program Files\Amazon\AWSCLIV2\;D:\tools\gradle-4.10.3-all\gradle-4.10.3\bin;D:\tools\skaffold;D:\tools\helm;D:\tools\apache-maven-3.6.0\bin;C:\ProgramData\chocolatey\bin;C:\Program Files\nodejs\;D:\tools\curl-7.75.0-win64-mingw\bin;C:\Program Files\Microsoft SQL Server\Client SDK\ODBC\170\Tools\Binn\;C:\Program Files (x86)\Microsoft SQL Server\150\Tools\Binn\;C:\Program Files\Microsoft SQL Server\150\Tools\Binn\;C:\Program Files\Microsoft SQL Server\150\DTS\Binn\;C:\Program Files (x86)\Microsoft SQL Server\150\DTS\Binn\;C:\Program Files\Azure Data Studio\bin;C:\Program Files\PuTTY\;C:\Program Files\Docker\Docker\resources\bin;C:\ProgramData\DockerDesktop\version-bin;C:\Program Files\Git\cmd;C:\Program Files\RSA SecurID Token Common\;C:\Users\Hunar_Letsko\AppData\Roaming\npm;C:\Program Files\Azure Data Studio\bin;C:\Users\Hunar_Letsko\AppData\Local\Box\Box Edit\
USERNAME=Hunar_Letsko
OS=Windows_NT
PROCESSOR_IDENTIFIER=Intel64 Family 6 Model 142 Stepping 12, GenuineIntel



---------------  S Y S T E M  ---------------

OS:
 Windows 10 , 64 bit Build 18362 (10.0.18362.1082)
OS uptime: 3 days 23:15 hours
Hyper-V role detected

CPU: total 8 (initial active 8) (4 cores per cpu, 2 threads per core) family 6 model 142 stepping 12 microcode 0xca, cx8, cmov, fxsr, ht, mmx, 3dnowpref, sse, sse2, sse3, ssse3, sse4.1, sse4.2, popcnt, lzcnt, tsc, tscinvbit, avx, avx2, aes, erms, clmul, bmi1, bmi2, adx, fma, vzeroupper, clflush, clflushopt, hv

Memory: 4k page, system-wide physical 32350M (1858M free)
TotalPageFile size 47710M (AvailPageFile size 7975M)
current process WorkingSet (physical memory assigned to process): 243M, peak: 248M
current process commit charge ("private bytes"): 283M, peak: 664M

vm_info: OpenJDK 64-Bit Server VM (16.0.2+7-67) for windows-amd64 JRE (16.0.2+7-67), built on Jun  8 2021 23:21:43 by "mach5one" with MS VC++ 16.7 (VS2019)

END.
